<?xml version="1.0" encoding="UTF-8"?>
<!-- Generated by org.testng.reporters.JUnitReportReporter -->
<testsuite skipped="8" hostname="SuryaPC" name="in.srssprojects.keximbank.TestExecution" tests="9" failures="0" timestamp="20 Mar 2019 06:08:24 GMT" time="0.000" errors="1">
  <testcase name="browserLaunch" time="0.000" classname="in.srssprojects.keximbank.TestExecution">
    <error type="org.testng.TestNGException" message="
Parameter &#039;url&#039; is required by BeforeClass on method browserLaunch but has not been marked @Optional or defined
in D:\SSTS\soundhrya\automation_workspace\keximbank\groups.xml">
      <![CDATA[org.testng.TestNGException: 
Parameter 'url' is required by BeforeClass on method browserLaunch but has not been marked @Optional or defined
in D:\SSTS\soundhrya\automation_workspace\keximbank\groups.xml
at org.testng.internal.Parameters.createParams(Parameters.java:290)
at org.testng.internal.Parameters.createParametersForMethod(Parameters.java:359)
at org.testng.internal.Parameters.createParameters(Parameters.java:620)
at org.testng.internal.Parameters.createConfigurationParameters(Parameters.java:190)
at org.testng.internal.Invoker.invokeConfigurations(Invoker.java:209)
at org.testng.internal.Invoker.invokeConfigurations(Invoker.java:142)
at org.testng.internal.TestMethodWorker.invokeBeforeClassMethods(TestMethodWorker.java:168)
at org.testng.internal.TestMethodWorker.run(TestMethodWorker.java:105)
at org.testng.TestRunner.privateRun(TestRunner.java:648)
at org.testng.TestRunner.run(TestRunner.java:505)
at org.testng.SuiteRunner.runTest(SuiteRunner.java:455)
at org.testng.SuiteRunner.runSequentially(SuiteRunner.java:450)
at org.testng.SuiteRunner.privateRun(SuiteRunner.java:415)
at org.testng.SuiteRunner.run(SuiteRunner.java:364)
at org.testng.SuiteRunnerWorker.runSuite(SuiteRunnerWorker.java:52)
at org.testng.SuiteRunnerWorker.run(SuiteRunnerWorker.java:84)
at org.testng.TestNG.runSuitesSequentially(TestNG.java:1208)
at org.testng.TestNG.runSuitesLocally(TestNG.java:1137)
at org.testng.TestNG.runSuites(TestNG.java:1049)
at org.testng.TestNG.run(TestNG.java:1017)
at org.testng.remote.AbstractRemoteTestNG.run(AbstractRemoteTestNG.java:115)
at org.testng.remote.RemoteTestNG.initAndRun(RemoteTestNG.java:251)
at org.testng.remote.RemoteTestNG.main(RemoteTestNG.java:77)
]]>
    </error>
  </testcase> <!-- browserLaunch -->
  <testcase name="loginTest" time="0.000" classname="in.srssprojects.keximbank.TestExecution">
    <skipped/>
  </testcase> <!-- loginTest -->
  <testcase name="roleCreationWithBlankData" time="0.000" classname="in.srssprojects.keximbank.TestExecution">
    <skipped/>
  </testcase> <!-- roleCreationWithBlankData -->
  <testcase name="roleCreationReset" time="0.000" classname="in.srssprojects.keximbank.TestExecution">
    <skipped/>
  </testcase> <!-- roleCreationReset -->
  <testcase name="branchCreationBlankData" time="0.000" classname="in.srssprojects.keximbank.TestExecution">
    <skipped/>
  </testcase> <!-- branchCreationBlankData -->
  <testcase name="branchCreationResetData" time="0.000" classname="in.srssprojects.keximbank.TestExecution">
    <skipped/>
  </testcase> <!-- branchCreationResetData -->
  <testcase name="employeeCreationBlankData" time="0.000" classname="in.srssprojects.keximbank.TestExecution">
    <skipped/>
  </testcase> <!-- employeeCreationBlankData -->
  <testcase name="employeeCreationWithRestData" time="0.000" classname="in.srssprojects.keximbank.TestExecution">
    <skipped/>
  </testcase> <!-- employeeCreationWithRestData -->
  <testcase name="logout" time="0.000" classname="in.srssprojects.keximbank.TestExecution">
    <skipped/>
  </testcase> <!-- logout -->
</testsuite> <!-- in.srssprojects.keximbank.TestExecution -->
