<?xml version="1.0" encoding="UTF-8"?>
<!-- Generated by org.testng.reporters.JUnitReportReporter -->
<testsuite skipped="0" hostname="SuryaPC" name="in.srssprojects.keximbank.BasicExecution" tests="8" failures="0" timestamp="20 Mar 2019 06:12:41 GMT" time="25.371" errors="0">
  <testcase name="loginTest" time="2.925" classname="in.srssprojects.keximbank.BasicExecution"/>
  <testcase name="roleCreationWithBlankData" time="1.668" classname="in.srssprojects.keximbank.BasicExecution"/>
  <testcase name="roleCreationReset" time="1.694" classname="in.srssprojects.keximbank.BasicExecution"/>
  <testcase name="branchCreationBlankData" time="1.823" classname="in.srssprojects.keximbank.BasicExecution"/>
  <testcase name="branchCreationResetData" time="3.592" classname="in.srssprojects.keximbank.BasicExecution"/>
  <testcase name="employeeCreationBlankData" time="3.057" classname="in.srssprojects.keximbank.BasicExecution"/>
  <testcase name="employeeCreationWithRestData" time="4.956" classname="in.srssprojects.keximbank.BasicExecution"/>
  <testcase name="logout" time="5.656" classname="in.srssprojects.keximbank.BasicExecution"/>
</testsuite> <!-- in.srssprojects.keximbank.BasicExecution -->
