<?xml version="1.0" encoding="UTF-8"?>
<!-- Generated by org.testng.reporters.JUnitReportReporter -->
<testsuite skipped="0" hostname="SuryaPC" name="in.srssprojects.keximbank.GridExecution" tests="10" failures="0" timestamp="25 Mar 2019 06:48:59 GMT" time="38.644" errors="0">
  <testcase name="loginTest" time="2.446" classname="in.srssprojects.keximbank.GridExecution"/>
  <testcase name="loginTest" time="3.891" classname="in.srssprojects.keximbank.GridExecution"/>
  <testcase name="roleCreationCancel" time="2.894" classname="in.srssprojects.keximbank.GridExecution"/>
  <testcase name="roleCreationCancel" time="2.030" classname="in.srssprojects.keximbank.GridExecution"/>
  <testcase name="branchCreationCancel" time="3.660" classname="in.srssprojects.keximbank.GridExecution"/>
  <testcase name="branchCreationCancel" time="2.172" classname="in.srssprojects.keximbank.GridExecution"/>
  <testcase name="employeeCreationCancel" time="5.615" classname="in.srssprojects.keximbank.GridExecution"/>
  <testcase name="employeeCreationCancel" time="4.390" classname="in.srssprojects.keximbank.GridExecution"/>
  <testcase name="logout" time="5.879" classname="in.srssprojects.keximbank.GridExecution"/>
  <testcase name="logout" time="5.667" classname="in.srssprojects.keximbank.GridExecution"/>
</testsuite> <!-- in.srssprojects.keximbank.GridExecution -->
