<?xml version="1.0" encoding="UTF-8"?>
<!-- Generated by org.testng.reporters.JUnitReportReporter -->
<testsuite skipped="0" hostname="SuryaPC" name="in.srssprojects.keximbank.BasicExecution" tests="2" failures="0" timestamp="26 Mar 2019 06:35:04 GMT" time="13.547" errors="0">
  <testcase name="loginTest" time="2.622" classname="in.srssprojects.keximbank.BasicExecution"/>
  <testcase name="roleCreationWithMultipleData" time="10.925" classname="in.srssprojects.keximbank.BasicExecution"/>
</testsuite> <!-- in.srssprojects.keximbank.BasicExecution -->
