<?xml version="1.0" encoding="UTF-8"?>
<!-- Generated by org.testng.reporters.JUnitReportReporter -->
<testsuite skipped="0" hostname="SuryaPC" name="in.srssprojects.keximbank.ParameterExecution" tests="10" failures="0" timestamp="20 Mar 2019 06:26:37 GMT" time="38.621" errors="0">
  <testcase name="loginTest" time="2.843" classname="in.srssprojects.keximbank.ParameterExecution"/>
  <testcase name="loginTest" time="3.722" classname="in.srssprojects.keximbank.ParameterExecution"/>
  <testcase name="roleCreationCancel" time="2.636" classname="in.srssprojects.keximbank.ParameterExecution"/>
  <testcase name="roleCreationCancel" time="2.732" classname="in.srssprojects.keximbank.ParameterExecution"/>
  <testcase name="branchCreationCancel" time="2.765" classname="in.srssprojects.keximbank.ParameterExecution"/>
  <testcase name="branchCreationCancel" time="2.595" classname="in.srssprojects.keximbank.ParameterExecution"/>
  <testcase name="employeeCreationCancel" time="5.498" classname="in.srssprojects.keximbank.ParameterExecution"/>
  <testcase name="employeeCreationCancel" time="3.268" classname="in.srssprojects.keximbank.ParameterExecution"/>
  <testcase name="logout" time="6.854" classname="in.srssprojects.keximbank.ParameterExecution"/>
  <testcase name="logout" time="5.708" classname="in.srssprojects.keximbank.ParameterExecution"/>
</testsuite> <!-- in.srssprojects.keximbank.ParameterExecution -->
