<?xml version="1.0" encoding="UTF-8"?>
<!-- Generated by org.testng.reporters.JUnitReportReporter -->
<testsuite skipped="0" hostname="SuryaPC" name="in.srssprojects.keximbank.ParameterExecution" tests="10" failures="0" timestamp="25 Mar 2019 06:45:04 GMT" time="45.680" errors="0">
  <testcase name="loginTest" time="3.372" classname="in.srssprojects.keximbank.ParameterExecution"/>
  <testcase name="loginTest" time="2.709" classname="in.srssprojects.keximbank.ParameterExecution"/>
  <testcase name="roleCreationCancel" time="2.593" classname="in.srssprojects.keximbank.ParameterExecution"/>
  <testcase name="roleCreationCancel" time="2.184" classname="in.srssprojects.keximbank.ParameterExecution"/>
  <testcase name="branchCreationCancel" time="2.594" classname="in.srssprojects.keximbank.ParameterExecution"/>
  <testcase name="branchCreationCancel" time="2.818" classname="in.srssprojects.keximbank.ParameterExecution"/>
  <testcase name="employeeCreationCancel" time="5.462" classname="in.srssprojects.keximbank.ParameterExecution"/>
  <testcase name="employeeCreationCancel" time="11.487" classname="in.srssprojects.keximbank.ParameterExecution"/>
  <testcase name="logout" time="5.557" classname="in.srssprojects.keximbank.ParameterExecution"/>
  <testcase name="logout" time="6.904" classname="in.srssprojects.keximbank.ParameterExecution"/>
</testsuite> <!-- in.srssprojects.keximbank.ParameterExecution -->
